<?xml version="1.0" encoding="UTF-8"?>
<coverage generated="1597693477178" clover="3.2.0">
  <project timestamp="1597693477178" name="All files">
    <metrics statements="15" coveredstatements="15" conditionals="10" coveredconditionals="9" methods="1" coveredmethods="1" elements="26" coveredelements="25" complexity="0" loc="15" ncloc="15" packages="1" files="1" classes="1"/>
    <file name="changeConverter.js" path="/Users/sophiebrown/Projects/change-converter-review/src/changeConverter.js">
      <metrics statements="15" coveredstatements="15" conditionals="10" coveredconditionals="9" methods="1" coveredmethods="1"/>
      <line num="4" count="4" type="stmt"/>
      <line num="5" count="4" type="stmt"/>
      <line num="6" count="4" type="stmt"/>
      <line num="7" count="9" type="cond" truecount="2" falsecount="0"/>
      <line num="8" count="5" type="stmt"/>
      <line num="9" count="5" type="stmt"/>
      <line num="11" count="4" type="cond" truecount="4" falsecount="0"/>
      <line num="12" count="2" type="stmt"/>
      <line num="13" count="2" type="stmt"/>
      <line num="15" count="2" type="cond" truecount="3" falsecount="1"/>
      <line num="16" count="2" type="stmt"/>
      <line num="17" count="2" type="stmt"/>
      <line num="24" count="4" type="stmt"/>
      <line num="25" count="4" type="stmt"/>
      <line num="29" count="1" type="stmt"/>
    </file>
  </project>
</coverage>
