{"/Users/sophiebrown/Projects/change-converter-review/src/changeConverter.js": {"path":"/Users/sophiebrown/Projects/change-converter-review/src/changeConverter.js","statementMap":{"0":{"start":{"line":4,"column":25},"end":{"line":4,"column":27}},"1":{"start":{"line":5,"column":16},"end":{"line":5,"column":20}},"2":{"start":{"line":6,"column":4},"end":{"line":48,"column":5}},"3":{"start":{"line":7,"column":6},"end":{"line":47,"column":7}},"4":{"start":{"line":8,"column":12},"end":{"line":8,"column":38}},"5":{"start":{"line":9,"column":12},"end":{"line":9,"column":23}},"6":{"start":{"line":11,"column":11},"end":{"line":47,"column":7}},"7":{"start":{"line":12,"column":8},"end":{"line":12,"column":34}},"8":{"start":{"line":13,"column":8},"end":{"line":13,"column":19}},"9":{"start":{"line":15,"column":11},"end":{"line":47,"column":7}},"10":{"start":{"line":16,"column":8},"end":{"line":16,"column":33}},"11":{"start":{"line":17,"column":8},"end":{"line":17,"column":18}},"12":{"start":{"line":19,"column":11},"end":{"line":47,"column":7}},"13":{"start":{"line":20,"column":8},"end":{"line":20,"column":33}},"14":{"start":{"line":21,"column":8},"end":{"line":21,"column":18}},"15":{"start":{"line":24,"column":11},"end":{"line":47,"column":7}},"16":{"start":{"line":25,"column":8},"end":{"line":25,"column":34}},"17":{"start":{"line":26,"column":8},"end":{"line":26,"column":20}},"18":{"start":{"line":29,"column":11},"end":{"line":47,"column":7}},"19":{"start":{"line":30,"column":8},"end":{"line":30,"column":34}},"20":{"start":{"line":31,"column":8},"end":{"line":31,"column":20}},"21":{"start":{"line":34,"column":11},"end":{"line":47,"column":7}},"22":{"start":{"line":35,"column":8},"end":{"line":35,"column":34}},"23":{"start":{"line":36,"column":8},"end":{"line":36,"column":20}},"24":{"start":{"line":39,"column":11},"end":{"line":47,"column":7}},"25":{"start":{"line":40,"column":8},"end":{"line":40,"column":33}},"26":{"start":{"line":41,"column":8},"end":{"line":41,"column":21}},"27":{"start":{"line":45,"column":8},"end":{"line":45,"column":33}},"28":{"start":{"line":46,"column":8},"end":{"line":46,"column":21}},"29":{"start":{"line":49,"column":6},"end":{"line":49,"column":33}},"30":{"start":{"line":50,"column":6},"end":{"line":50,"column":27}},"31":{"start":{"line":54,"column":0},"end":{"line":54,"column":32}}},"fnMap":{"0":{"name":"(anonymous_0)","decl":{"start":{"line":3,"column":2},"end":{"line":3,"column":3}},"loc":{"start":{"line":3,"column":22},"end":{"line":51,"column":3}},"line":3}},"branchMap":{"0":{"loc":{"start":{"line":7,"column":6},"end":{"line":47,"column":7}},"type":"if","locations":[{"start":{"line":7,"column":6},"end":{"line":47,"column":7}},{"start":{"line":7,"column":6},"end":{"line":47,"column":7}}],"line":7},"1":{"loc":{"start":{"line":11,"column":11},"end":{"line":47,"column":7}},"type":"if","locations":[{"start":{"line":11,"column":11},"end":{"line":47,"column":7}},{"start":{"line":11,"column":11},"end":{"line":47,"column":7}}],"line":11},"2":{"loc":{"start":{"line":11,"column":15},"end":{"line":11,"column":40}},"type":"binary-expr","locations":[{"start":{"line":11,"column":15},"end":{"line":11,"column":26}},{"start":{"line":11,"column":30},"end":{"line":11,"column":40}}],"line":11},"3":{"loc":{"start":{"line":15,"column":11},"end":{"line":47,"column":7}},"type":"if","locations":[{"start":{"line":15,"column":11},"end":{"line":47,"column":7}},{"start":{"line":15,"column":11},"end":{"line":47,"column":7}}],"line":15},"4":{"loc":{"start":{"line":15,"column":15},"end":{"line":15,"column":39}},"type":"binary-expr","locations":[{"start":{"line":15,"column":15},"end":{"line":15,"column":25}},{"start":{"line":15,"column":29},"end":{"line":15,"column":39}}],"line":15},"5":{"loc":{"start":{"line":19,"column":11},"end":{"line":47,"column":7}},"type":"if","locations":[{"start":{"line":19,"column":11},"end":{"line":47,"column":7}},{"start":{"line":19,"column":11},"end":{"line":47,"column":7}}],"line":19},"6":{"loc":{"start":{"line":19,"column":15},"end":{"line":19,"column":38}},"type":"binary-expr","locations":[{"start":{"line":19,"column":15},"end":{"line":19,"column":25}},{"start":{"line":19,"column":29},"end":{"line":19,"column":38}}],"line":19},"7":{"loc":{"start":{"line":24,"column":11},"end":{"line":47,"column":7}},"type":"if","locations":[{"start":{"line":24,"column":11},"end":{"line":47,"column":7}},{"start":{"line":24,"column":11},"end":{"line":47,"column":7}}],"line":24},"8":{"loc":{"start":{"line":24,"column":15},"end":{"line":24,"column":40}},"type":"binary-expr","locations":[{"start":{"line":24,"column":15},"end":{"line":24,"column":27}},{"start":{"line":24,"column":31},"end":{"line":24,"column":40}}],"line":24},"9":{"loc":{"start":{"line":29,"column":11},"end":{"line":47,"column":7}},"type":"if","locations":[{"start":{"line":29,"column":11},"end":{"line":47,"column":7}},{"start":{"line":29,"column":11},"end":{"line":47,"column":7}}],"line":29},"10":{"loc":{"start":{"line":29,"column":15},"end":{"line":29,"column":42}},"type":"binary-expr","locations":[{"start":{"line":29,"column":15},"end":{"line":29,"column":27}},{"start":{"line":29,"column":31},"end":{"line":29,"column":42}}],"line":29},"11":{"loc":{"start":{"line":34,"column":11},"end":{"line":47,"column":7}},"type":"if","locations":[{"start":{"line":34,"column":11},"end":{"line":47,"column":7}},{"start":{"line":34,"column":11},"end":{"line":47,"column":7}}],"line":34},"12":{"loc":{"start":{"line":34,"column":15},"end":{"line":34,"column":42}},"type":"binary-expr","locations":[{"start":{"line":34,"column":15},"end":{"line":34,"column":27}},{"start":{"line":34,"column":31},"end":{"line":34,"column":42}}],"line":34},"13":{"loc":{"start":{"line":39,"column":11},"end":{"line":47,"column":7}},"type":"if","locations":[{"start":{"line":39,"column":11},"end":{"line":47,"column":7}},{"start":{"line":39,"column":11},"end":{"line":47,"column":7}}],"line":39},"14":{"loc":{"start":{"line":39,"column":15},"end":{"line":39,"column":43}},"type":"binary-expr","locations":[{"start":{"line":39,"column":15},"end":{"line":39,"column":28}},{"start":{"line":39,"column":32},"end":{"line":39,"column":43}}],"line":39}},"s":{"0":14,"1":14,"2":14,"3":33,"4":5,"5":5,"6":28,"7":3,"8":3,"9":25,"10":2,"11":2,"12":23,"13":7,"14":7,"15":16,"16":2,"17":2,"18":14,"19":3,"20":3,"21":11,"22":1,"23":1,"24":10,"25":2,"26":2,"27":8,"28":8,"29":14,"30":14,"31":1},"f":{"0":14},"b":{"0":[5,28],"1":[3,25],"2":[28,3],"3":[2,23],"4":[25,2],"5":[7,16],"6":[23,7],"7":[2,14],"8":[16,2],"9":[3,11],"10":[14,3],"11":[1,10],"12":[11,1],"13":[2,8],"14":[10,2]},"_coverageSchema":"1a1c01bbd47fc00a2c39e90264f33305004495a9","hash":"549775409c0723b60632beb7bc5246a439f7996d"}
}
