{"/Users/sophiebrown/Projects/change-converter-review/src/changeConverter.js": {"path":"/Users/sophiebrown/Projects/change-converter-review/src/changeConverter.js","statementMap":{"0":{"start":{"line":4,"column":16},"end":{"line":4,"column":20}},"1":{"start":{"line":5,"column":25},"end":{"line":5,"column":27}},"2":{"start":{"line":7,"column":4},"end":{"line":11,"column":5}},"3":{"start":{"line":8,"column":6},"end":{"line":8,"column":32}},"4":{"start":{"line":9,"column":6},"end":{"line":9,"column":17}},"5":{"start":{"line":10,"column":6},"end":{"line":10,"column":24}},"6":{"start":{"line":12,"column":4},"end":{"line":12,"column":25}},"7":{"start":{"line":18,"column":0},"end":{"line":18,"column":32}}},"fnMap":{"0":{"name":"(anonymous_0)","decl":{"start":{"line":3,"column":2},"end":{"line":3,"column":3}},"loc":{"start":{"line":3,"column":22},"end":{"line":13,"column":3}},"line":3}},"branchMap":{"0":{"loc":{"start":{"line":7,"column":4},"end":{"line":11,"column":5}},"type":"if","locations":[{"start":{"line":7,"column":4},"end":{"line":11,"column":5}},{"start":{"line":7,"column":4},"end":{"line":11,"column":5}}],"line":7}},"s":{"0":2,"1":2,"2":2,"3":2,"4":2,"5":2,"6":2,"7":1},"f":{"0":2},"b":{"0":[2,0]},"_coverageSchema":"1a1c01bbd47fc00a2c39e90264f33305004495a9","hash":"20f3b7d4c3211a318ce214a1a6d40d8ce0bea0d3"}
}
