TN:
SF:src/changeConverter.js
FN:3,(anonymous_0)
FNF:1
FNH:1
FNDA:8,(anonymous_0)
DA:4,8
DA:5,8
DA:6,8
DA:7,19
DA:8,5
DA:9,5
DA:11,14
DA:12,3
DA:13,3
DA:15,11
DA:16,2
DA:17,2
DA:19,9
DA:20,7
DA:21,7
DA:24,2
DA:25,2
DA:26,2
DA:29,8
DA:30,8
DA:34,1
LF:21
LH:21
BRDA:7,0,0,5
BRDA:7,0,1,14
BRDA:11,1,0,3
BRDA:11,1,1,11
BRDA:11,2,0,14
BRDA:11,2,1,3
BRDA:15,3,0,2
BRDA:15,3,1,9
BRDA:15,4,0,11
BRDA:15,4,1,2
BRDA:19,5,0,7
BRDA:19,5,1,2
BRDA:19,6,0,9
BRDA:19,6,1,7
BRDA:24,7,0,2
BRDA:24,7,1,0
BRDA:24,8,0,2
BRDA:24,8,1,2
BRF:18
BRH:17
end_of_record
