TN:
SF:src/changeConverter.js
FN:3,(anonymous_0)
FNF:1
FNH:1
FNDA:16,(anonymous_0)
DA:4,16
DA:5,16
DA:6,16
DA:7,46
DA:8,5
DA:9,5
DA:11,41
DA:12,4
DA:13,4
DA:15,37
DA:16,2
DA:17,2
DA:20,35
DA:21,7
DA:22,7
DA:25,28
DA:26,2
DA:27,2
DA:30,26
DA:31,3
DA:32,3
DA:35,23
DA:36,3
DA:37,3
DA:40,20
DA:41,4
DA:42,4
DA:46,16
DA:47,16
DA:50,16
DA:51,16
DA:55,1
LF:32
LH:32
BRDA:7,0,0,5
BRDA:7,0,1,41
BRDA:11,1,0,4
BRDA:11,1,1,37
BRDA:11,2,0,41
BRDA:11,2,1,4
BRDA:15,3,0,2
BRDA:15,3,1,35
BRDA:15,4,0,37
BRDA:15,4,1,2
BRDA:20,5,0,7
BRDA:20,5,1,28
BRDA:20,6,0,35
BRDA:20,6,1,7
BRDA:25,7,0,2
BRDA:25,7,1,26
BRDA:25,8,0,28
BRDA:25,8,1,2
BRDA:30,9,0,3
BRDA:30,9,1,23
BRDA:30,10,0,26
BRDA:30,10,1,3
BRDA:35,11,0,3
BRDA:35,11,1,20
BRDA:35,12,0,23
BRDA:35,12,1,3
BRDA:40,13,0,4
BRDA:40,13,1,16
BRDA:40,14,0,20
BRDA:40,14,1,4
BRF:30
BRH:30
end_of_record
